<?xml version="1.0" encoding="UTF-8"?>
<!-- Generated by org.testng.reporters.JUnitReportReporter -->
<testsuite hostname="Preetijaiswal-IT" failures="0" tests="5" name="test2" time="0.014" errors="0" timestamp="2021-12-31T22:15:29 IST" skipped="0">
  <testcase classname="test2" name="AppLogin" time="0.007"/>
  <system-out/>
  <testcase classname="test2" name="AppLogin" time="0.002"/>
  <system-out/>
  <testcase classname="test2" name="WebLogin" time="0.001"/>
  <system-out/>
  <testcase classname="test2" name="AppLogin" time="0.003"/>
  <system-out/>
  <testcase classname="test2" name="MobileLogin" time="0.001"/>
  <system-out/>
</testsuite> <!-- test2 -->
