<?xml version="1.0" encoding="UTF-8"?>
<!-- Generated by org.testng.reporters.JUnitReportReporter -->
<testsuite hostname="Preetijaiswal-IT" failures="0" tests="1" name="test1" time="0.001" errors="0" timestamp="2021-12-30T14:26:56 IST" skipped="0">
  <testcase classname="test1" name="personalLoan" time="0.001"/>
  <system-out/>
</testsuite> <!-- test1 -->
