<?xml version="1.0" encoding="UTF-8"?>
<!-- Generated by org.testng.reporters.JUnitReportReporter -->
<testsuite hostname="Preetijaiswal-IT" failures="0" tests="3" name="test" time="0.009" errors="0" timestamp="2021-12-31T22:15:29 IST" skipped="0">
  <testcase classname="test" name="Aemo3" time="0.001"/>
  <system-out/>
  <testcase classname="test" name="Demo" time="0.001"/>
  <system-out/>
  <testcase classname="test" name="Demo2" time="0.007"/>
  <system-out/>
</testsuite> <!-- test -->
