<?xml version="1.0" encoding="UTF-8"?>
<!-- Generated by org.testng.reporters.JUnitReportReporter -->
<testsuite hostname="Preetijaiswal-IT" failures="0" tests="2" name="test3" time="0.007" errors="0" timestamp="2021-12-31T22:15:29 IST" skipped="0">
  <testcase classname="test3" name="FundfinaLoan" time="0.006"/>
  <system-out/>
  <testcase classname="test3" name="HappyLoan" time="0.001"/>
  <system-out/>
</testsuite> <!-- test3 -->
